2026-01-28 01:09:02,067 INFO: Application started successfully [in D:\Workspace\24-hour\backend\app\__init__.py:52]
2026-01-28 01:09:02,700 INFO: Application started successfully [in D:\Workspace\24-hour\backend\app\__init__.py:52]
2026-01-28 01:25:41,824 INFO: New user registered: thebeasts9876@gmail.com [in D:\Workspace\24-hour\backend\app\routes\auth.py:132]
2026-01-28 01:25:51,149 INFO: Stream accessed: video=69791448e6041c7dee46a949, user=thebeasts9876@gmail.com [in D:\Workspace\24-hour\backend\app\routes\video.py:114]
2026-01-28 01:26:07,317 INFO: User logged out: thebeasts9876@gmail.com [in D:\Workspace\24-hour\backend\app\routes\auth.py:248]
2026-01-28 01:26:17,042 INFO: User logged in: thebeasts9876@gmail.com [in D:\Workspace\24-hour\backend\app\routes\auth.py:198]
2026-01-28 01:26:20,401 INFO: User logged out: thebeasts9876@gmail.com [in D:\Workspace\24-hour\backend\app\routes\auth.py:248]
2026-01-28 01:26:26,156 WARNING: Failed login attempt for: thebeasts9876@gmail.com [in D:\Workspace\24-hour\backend\app\routes\auth.py:188]
2026-01-28 01:26:29,171 INFO: User logged in: thebeasts9876@gmail.com [in D:\Workspace\24-hour\backend\app\routes\auth.py:198]
2026-01-28 01:26:31,723 INFO: User logged out: thebeasts9876@gmail.com [in D:\Workspace\24-hour\backend\app\routes\auth.py:248]
2026-01-28 01:32:49,262 INFO: User logged in: thebeasts9876@gmail.com [in D:\Workspace\24-hour\backend\app\routes\auth.py:198]
2026-01-28 01:32:53,131 INFO: Stream accessed: video=69791448e6041c7dee46a949, user=thebeasts9876@gmail.com [in D:\Workspace\24-hour\backend\app\routes\video.py:114]
2026-01-28 01:33:00,733 INFO: User logged out: thebeasts9876@gmail.com [in D:\Workspace\24-hour\backend\app\routes\auth.py:248]
2026-01-28 01:33:47,472 INFO: User logged in: thebeasts9876@gmail.com [in D:\Workspace\24-hour\backend\app\routes\auth.py:198]
2026-01-28 01:33:52,831 INFO: Stream accessed: video=69791448e6041c7dee46a949, user=thebeasts9876@gmail.com [in D:\Workspace\24-hour\backend\app\routes\video.py:114]
2026-01-28 01:34:04,119 INFO: User logged out: thebeasts9876@gmail.com [in D:\Workspace\24-hour\backend\app\routes\auth.py:248]
2026-01-28 01:35:36,701 INFO: Application started successfully [in D:\Workspace\24-hour\backend\app\__init__.py:52]
2026-01-28 01:38:51,525 INFO: User logged in: thebeasts9876@gmail.com [in D:\Workspace\24-hour\backend\app\routes\auth.py:198]
2026-01-28 01:38:58,096 INFO: Stream accessed: video=69791b23a6636ede4b44a530, user=thebeasts9876@gmail.com [in D:\Workspace\24-hour\backend\app\routes\video.py:114]
2026-01-28 01:39:10,553 INFO: User logged out: thebeasts9876@gmail.com [in D:\Workspace\24-hour\backend\app\routes\auth.py:248]
